<?xml version="1.0" encoding="UTF-8"?>
<!-- Generated by org.testng.reporters.JUnitReportReporter -->
<testsuite skipped="0" hostname="LAPTOP-103PKHTO" name="testRunner.TestRunner" tests="1" failures="0" timestamp="08 Sep 2021 01:17:41 GMT" time="0.137" errors="0">
  <testcase name="feature" time="0.137" classname="testRunner.TestRunner"/>
</testsuite> <!-- testRunner.TestRunner -->
