<?xml version="1.0" encoding="UTF-8"?>
<!-- Generated by org.testng.reporters.JUnitReportReporter -->
<testsuite skipped="0" hostname="LAPTOP-103PKHTO" name="stepDefinitions.LoginSteps" tests="1" failures="0" timestamp="2021-09-07T18:02:40 EDT" time="4.235" errors="0">
  <testcase name="setup" time="4.235" classname="stepDefinitions.LoginSteps"/>
</testsuite> <!-- stepDefinitions.LoginSteps -->
